# JRE version: Java(TM) SE Runtime Environment (8.0_202-b08) (build 1.8.0_202-b08)
# Java VM: Java HotSpot(TM) 64-Bit Server VM (25.202-b08 mixed mode windows-amd64 compressed oops)
Heap:
 PSYoungGen      total 115712K, used 33102K [0x000000076b900000, 0x0000000773d00000, 0x00000007c0000000)
  eden space 113664K, 27% used [0x000000076b900000,0x000000076d7b38d8,0x0000000772800000)
  from space 2048K, 81% used [0x0000000773500000,0x00000007736a0000,0x0000000773700000)
  to   space 4608K, 0% used [0x0000000773880000,0x0000000773880000,0x0000000773d00000)
 ParOldGen       total 224256K, used 42045K [0x00000006c2a00000, 0x00000006d0500000, 0x000000076b900000)
  object space 224256K, 18% used [0x00000006c2a00000,0x00000006c530f620,0x00000006d0500000)
 Metaspace       used 107096K, capacity 113127K, committed 113408K, reserved 1148928K
  class space    used 12245K, capacity 13200K, committed 13312K, reserved 1048576K
GC Heap History (10 events):
Event: 75601.214 GC heap before
{Heap before GC invocations=97 (full 16):
 PSYoungGen      total 125952K, used 125632K [0x000000076b900000, 0x0000000774780000, 0x00000007c0000000)
  eden space 123904K, 100% used [0x000000076b900000,0x0000000773200000,0x0000000773200000)
  from space 2048K, 84% used [0x0000000774580000,0x0000000774730000,0x0000000774780000)
  to   space 5632K, 0% used [0x0000000773c80000,0x0000000773c80000,0x0000000774200000)
 ParOldGen       total 224256K, used 41917K [0x00000006c2a00000, 0x00000006d0500000, 0x000000076b900000)
  object space 224256K, 18% used [0x00000006c2a00000,0x00000006c52ef610,0x00000006d0500000)
 Metaspace       used 107096K, capacity 113127K, committed 113408K, reserved 1148928K
  class space    used 12245K, capacity 13200K, committed 13312K, reserved 1048576K
Event: 75601.222 GC heap after
Heap after GC invocations=97 (full 16):
 PSYoungGen      total 123904K, used 1568K [0x000000076b900000, 0x0000000774600000, 0x00000007c0000000)
  eden space 121856K, 0% used [0x000000076b900000,0x000000076b900000,0x0000000773000000)
  from space 2048K, 76% used [0x0000000773c80000,0x0000000773e08000,0x0000000773e80000)
  to   space 5120K, 0% used [0x0000000774100000,0x0000000774100000,0x0000000774600000)
 ParOldGen       total 224256K, used 41917K [0x00000006c2a00000, 0x00000006d0500000, 0x000000076b900000)
  object space 224256K, 18% used [0x00000006c2a00000,0x00000006c52ef610,0x00000006d0500000)
 Metaspace       used 107096K, capacity 113127K, committed 113408K, reserved 1148928K
  class space    used 12245K, capacity 13200K, committed 13312K, reserved 1048576K
}
Event: 75890.636 GC heap before
{Heap before GC invocations=98 (full 16):
 PSYoungGen      total 123904K, used 123424K [0x000000076b900000, 0x0000000774600000, 0x00000007c0000000)
  eden space 121856K, 100% used [0x000000076b900000,0x0000000773000000,0x0000000773000000)
  from space 2048K, 76% used [0x0000000773c80000,0x0000000773e08000,0x0000000773e80000)
  to   space 5120K, 0% used [0x0000000774100000,0x0000000774100000,0x0000000774600000)
 ParOldGen       total 224256K, used 41917K [0x00000006c2a00000, 0x00000006d0500000, 0x000000076b900000)
  object space 224256K, 18% used [0x00000006c2a00000,0x00000006c52ef610,0x00000006d0500000)
 Metaspace       used 107096K, capacity 113127K, committed 113408K, reserved 1148928K
  class space    used 12245K, capacity 13200K, committed 13312K, reserved 1048576K
Event: 75890.640 GC heap after
Heap after GC invocations=98 (full 16):
 PSYoungGen      total 121856K, used 1568K [0x000000076b900000, 0x0000000774300000, 0x00000007c0000000)
  eden space 119808K, 0% used [0x000000076b900000,0x000000076b900000,0x0000000772e00000)
  from space 2048K, 76% used [0x0000000774100000,0x0000000774288000,0x0000000774300000)
  to   space 5120K, 0% used [0x0000000773900000,0x0000000773900000,0x0000000773e00000)
 ParOldGen       total 224256K, used 41925K [0x00000006c2a00000, 0x00000006d0500000, 0x000000076b900000)
  object space 224256K, 18% used [0x00000006c2a00000,0x00000006c52f1610,0x00000006d0500000)
 Metaspace       used 107096K, capacity 113127K, committed 113408K, reserved 1148928K
  class space    used 12245K, capacity 13200K, committed 13312K, reserved 1048576K
}
Event: 76172.308 GC heap before
{Heap before GC invocations=99 (full 16):
 PSYoungGen      total 121856K, used 121376K [0x000000076b900000, 0x0000000774300000, 0x00000007c0000000)
  eden space 119808K, 100% used [0x000000076b900000,0x0000000772e00000,0x0000000772e00000)
  from space 2048K, 76% used [0x0000000774100000,0x0000000774288000,0x0000000774300000)
  to   space 5120K, 0% used [0x0000000773900000,0x0000000773900000,0x0000000773e00000)
 ParOldGen       total 224256K, used 41925K [0x00000006c2a00000, 0x00000006d0500000, 0x000000076b900000)
  object space 224256K, 18% used [0x00000006c2a00000,0x00000006c52f1610,0x00000006d0500000)
 Metaspace       used 107096K, capacity 113127K, committed 113408K, reserved 1148928K
  class space    used 12245K, capacity 13200K, committed 13312K, reserved 1048576K
Event: 76172.312 GC heap after
Heap after GC invocations=99 (full 16):
 PSYoungGen      total 119808K, used 1568K [0x000000076b900000, 0x0000000774180000, 0x00000007c0000000)
  eden space 117760K, 0% used [0x000000076b900000,0x000000076b900000,0x0000000772c00000)
  from space 2048K, 76% used [0x0000000773900000,0x0000000773a88000,0x0000000773b00000)
  to   space 5120K, 0% used [0x0000000773c80000,0x0000000773c80000,0x0000000774180000)
 ParOldGen       total 224256K, used 41925K [0x00000006c2a00000, 0x00000006d0500000, 0x000000076b900000)
  object space 224256K, 18% used [0x00000006c2a00000,0x00000006c52f1610,0x00000006d0500000)
 Metaspace       used 107096K, capacity 113127K, committed 113408K, reserved 1148928K
  class space    used 12245K, capacity 13200K, committed 13312K, reserved 1048576K
}
Event: 76448.209 GC heap before
{Heap before GC invocations=100 (full 16):
 PSYoungGen      total 119808K, used 119328K [0x000000076b900000, 0x0000000774180000, 0x00000007c0000000)
  eden space 117760K, 100% used [0x000000076b900000,0x0000000772c00000,0x0000000772c00000)
  from space 2048K, 76% used [0x0000000773900000,0x0000000773a88000,0x0000000773b00000)
  to   space 5120K, 0% used [0x0000000773c80000,0x0000000773c80000,0x0000000774180000)
 ParOldGen       total 224256K, used 41925K [0x00000006c2a00000, 0x00000006d0500000, 0x000000076b900000)
  object space 224256K, 18% used [0x00000006c2a00000,0x00000006c52f1610,0x00000006d0500000)
 Metaspace       used 107096K, capacity 113127K, committed 113408K, reserved 1148928K
  class space    used 12245K, capacity 13200K, committed 13312K, reserved 1048576K
Event: 76448.214 GC heap after
Heap after GC invocations=100 (full 16):
 PSYoungGen      total 117248K, used 1536K [0x000000076b900000, 0x0000000773e00000, 0x00000007c0000000)
  eden space 115712K, 0% used [0x000000076b900000,0x000000076b900000,0x0000000772a00000)
  from space 1536K, 100% used [0x0000000773c80000,0x0000000773e00000,0x0000000773e00000)
  to   space 4608K, 0% used [0x0000000773500000,0x0000000773500000,0x0000000773980000)
 ParOldGen       total 224256K, used 42045K [0x00000006c2a00000, 0x00000006d0500000, 0x000000076b900000)
  object space 224256K, 18% used [0x00000006c2a00000,0x00000006c530f620,0x00000006d0500000)
 Metaspace       used 107096K, capacity 113127K, committed 113408K, reserved 1148928K
  class space    used 12245K, capacity 13200K, committed 13312K, reserved 1048576K
}
Event: 76720.207 GC heap before
{Heap before GC invocations=101 (full 16):
 PSYoungGen      total 117248K, used 117248K [0x000000076b900000, 0x0000000773e00000, 0x00000007c0000000)
  eden space 115712K, 100% used [0x000000076b900000,0x0000000772a00000,0x0000000772a00000)
  from space 1536K, 100% used [0x0000000773c80000,0x0000000773e00000,0x0000000773e00000)
  to   space 4608K, 0% used [0x0000000773500000,0x0000000773500000,0x0000000773980000)
 ParOldGen       total 224256K, used 42045K [0x00000006c2a00000, 0x00000006d0500000, 0x000000076b900000)
  object space 224256K, 18% used [0x00000006c2a00000,0x00000006c530f620,0x00000006d0500000)
 Metaspace       used 107096K, capacity 113127K, committed 113408K, reserved 1148928K
  class space    used 12245K, capacity 13200K, committed 13312K, reserved 1048576K
Event: 76720.211 GC heap after
Heap after GC invocations=101 (full 16):
 PSYoungGen      total 115712K, used 1664K [0x000000076b900000, 0x0000000773d00000, 0x00000007c0000000)
  eden space 113664K, 0% used [0x000000076b900000,0x000000076b900000,0x0000000772800000)
  from space 2048K, 81% used [0x0000000773500000,0x00000007736a0000,0x0000000773700000)
  to   space 4608K, 0% used [0x0000000773880000,0x0000000773880000,0x0000000773d00000)
 ParOldGen       total 224256K, used 42045K [0x00000006c2a00000, 0x00000006d0500000, 0x000000076b900000)
  object space 224256K, 18% used [0x00000006c2a00000,0x00000006c530f620,0x00000006d0500000)
 Metaspace       used 107096K, capacity 113127K, committed 113408K, reserved 1148928K
  class space    used 12245K, capacity 13200K, committed 13312K, reserved 1048576K
}

